<?xml version="1.0" encoding="UTF-8"?>
<testsuite name="com.example.carrental.service.SampleServiceTest" tests="1" skipped="0" failures="0" errors="0" timestamp="2019-12-06T22:13:13" hostname="LAPTOP-UVTU40BJ" time="0.33">
  <properties/>
  <testcase name="testSaveSample" classname="com.example.carrental.service.SampleServiceTest" time="0.33"/>
  <system-out><![CDATA[2019-12-06 23:13:13.405  INFO 33736 --- [    Test worker] .b.t.c.SpringBootTestContextBootstrapper : Neither @ContextConfiguration nor @ContextHierarchy found for test class [com.example.carrental.service.SampleServiceTest], using SpringBootContextLoader
2019-12-06 23:13:13.406  INFO 33736 --- [    Test worker] o.s.t.c.support.AbstractContextLoader    : Could not detect default resource locations for test class [com.example.carrental.service.SampleServiceTest]: no resource found for suffixes {-context.xml, Context.groovy}.
2019-12-06 23:13:13.406  INFO 33736 --- [    Test worker] t.c.s.AnnotationConfigContextLoaderUtils : Could not detect default configuration classes for test class [com.example.carrental.service.SampleServiceTest]: SampleServiceTest does not declare any static, non-private, non-final, nested classes annotated with @Configuration.
2019-12-06 23:13:13.426  INFO 33736 --- [    Test worker] .b.t.c.SpringBootTestContextBootstrapper : Found @SpringBootConfiguration com.example.carrental.CarRentalApplication for test class com.example.carrental.service.SampleServiceTest
2019-12-06 23:13:13.428  INFO 33736 --- [    Test worker] .b.t.c.SpringBootTestContextBootstrapper : Loaded default TestExecutionListener class names from location [META-INF/spring.factories]: [org.springframework.boot.test.autoconfigure.restdocs.RestDocsTestExecutionListener, org.springframework.boot.test.autoconfigure.web.client.MockRestServiceServerResetTestExecutionListener, org.springframework.boot.test.autoconfigure.web.servlet.MockMvcPrintOnlyOnFailureTestExecutionListener, org.springframework.boot.test.autoconfigure.web.servlet.WebDriverTestExecutionListener, org.springframework.boot.test.mock.mockito.MockitoTestExecutionListener, org.springframework.boot.test.mock.mockito.ResetMocksTestExecutionListener, org.springframework.test.context.web.ServletTestExecutionListener, org.springframework.test.context.support.DirtiesContextBeforeModesTestExecutionListener, org.springframework.test.context.support.DependencyInjectionTestExecutionListener, org.springframework.test.context.support.DirtiesContextTestExecutionListener, org.springframework.test.context.transaction.TransactionalTestExecutionListener, org.springframework.test.context.jdbc.SqlScriptsTestExecutionListener]
2019-12-06 23:13:13.429  INFO 33736 --- [    Test worker] .b.t.c.SpringBootTestContextBootstrapper : Using TestExecutionListeners: [org.springframework.test.context.web.ServletTestExecutionListener@747ff32c, org.springframework.test.context.support.DirtiesContextBeforeModesTestExecutionListener@42c2cbd2, org.springframework.boot.test.mock.mockito.MockitoTestExecutionListener@4cbe630e, org.springframework.boot.test.autoconfigure.SpringBootDependencyInjectionTestExecutionListener@e205a45, org.springframework.test.context.support.DirtiesContextTestExecutionListener@54d2e3e, org.springframework.test.context.transaction.TransactionalTestExecutionListener@5185f91e, org.springframework.test.context.jdbc.SqlScriptsTestExecutionListener@6e1c5633, org.springframework.boot.test.autoconfigure.restdocs.RestDocsTestExecutionListener@62e2cbc7, org.springframework.boot.test.autoconfigure.web.client.MockRestServiceServerResetTestExecutionListener@e32357b, org.springframework.boot.test.autoconfigure.web.servlet.MockMvcPrintOnlyOnFailureTestExecutionListener@708170aa, org.springframework.boot.test.autoconfigure.web.servlet.WebDriverTestExecutionListener@7c200d47, org.springframework.boot.test.mock.mockito.ResetMocksTestExecutionListener@8685df7]
2019-12-06 23:13:13.606  INFO 33736 --- [    Test worker] o.h.h.i.QueryTranslatorFactoryInitiator  : HHH000397: Using ASTQueryTranslatorFactory
]]></system-out>
  <system-err><![CDATA[]]></system-err>
</testsuite>
